<?xml version="1.0" encoding="UTF-8"?>
<testsuite name="io.github.piyushdaiya.booxstream.core.ProtocolTest" tests="4" skipped="0" failures="0" errors="0" timestamp="2026-03-05T15:33:38.673Z" hostname="Piyushs-Mac-mini.local" time="0.026">
  <properties/>
  <testcase name="hello_rejects_empty_token()" classname="io.github.piyushdaiya.booxstream.core.ProtocolTest" time="0.007"/>
  <testcase name="hello_roundtrip()" classname="io.github.piyushdaiya.booxstream.core.ProtocolTest" time="0.009"/>
  <testcase name="frame_rejects_oversize()" classname="io.github.piyushdaiya.booxstream.core.ProtocolTest" time="0.002"/>
  <testcase name="frame_roundtrip()" classname="io.github.piyushdaiya.booxstream.core.ProtocolTest" time="0.001"/>
  <system-out><![CDATA[]]></system-out>
  <system-err><![CDATA[]]></system-err>
</testsuite>
