<?xml version="1.0" encoding="UTF-8"?>
<testsuite name="io.github.piyushdaiya.booxstream.core.ivf.IvfWriterTest" tests="2" skipped="0" failures="0" errors="0" timestamp="2026-03-05T15:33:38.700Z" hostname="Piyushs-Mac-mini.local" time="0.002">
  <properties/>
  <testcase name="writes IVF header()" classname="io.github.piyushdaiya.booxstream.core.ivf.IvfWriterTest" time="0.001"/>
  <testcase name="writes frame with IVF frame header()" classname="io.github.piyushdaiya.booxstream.core.ivf.IvfWriterTest" time="0.0"/>
  <system-out><![CDATA[]]></system-out>
  <system-err><![CDATA[]]></system-err>
</testsuite>
